#
# A fatal error has been detected by the Java Runtime Environment:
#
#  EXCEPTION_ACCESS_VIOLATION (0xc0000005) at pc=0x00007fffed82c817, pid=14848, tid=8316
#
# JRE version: OpenJDK Runtime Environment (20.0.1+9) (build 20.0.1+9-29)
# Java VM: OpenJDK 64-Bit Server VM (20.0.1+9-29, mixed mode, sharing, tiered, compressed oops, compressed class ptrs, g1 gc, windows-amd64)
# Problematic frame:
# C  [lwjgl_opengl.dll+0xc817]
#
# No core dump will be written. Minidumps are not enabled by default on client versions of Windows
#
# If you would like to submit a bug report, please visit:
#   https://bugreport.java.com/bugreport/crash.jsp
# The crash happened outside the Java Virtual Machine in native code.
# See problematic frame for where to report the bug.
#

---------------  S U M M A R Y ------------

Command Line: -javaagent:C:\Program Files\JetBrains\IntelliJ IDEA 2023.1.3\lib\idea_rt.jar=52602:C:\Program Files\JetBrains\IntelliJ IDEA 2023.1.3\bin -Dfile.encoding=UTF-8 -Dsun.stdout.encoding=UTF-8 -Dsun.stderr.encoding=UTF-8 Main.Main

Host: Intel(R) Core(TM) i7-9750H CPU @ 2.60GHz, 12 cores, 15G,  Windows 10 , 64 bit Build 19041 (10.0.19041.2546)
Time: Sat Aug  5 19:09:04 2023 RTZ 2 (s 10 , 64 bit Build 19041 (10.0.19041.2546) elapsed time: 0.197916 seconds (0d 0h 0m 0s)

---------------  T H R E A D  ---------------

Current thread (0x0000017adf69e090):  JavaThread "main" [_thread_in_native, id=8316, stack(0x0000005560400000,0x0000005560500000)]

Stack: [0x0000005560400000,0x0000005560500000],  sp=0x00000055604fef38,  free space=1019k
Native frames: (J=compiled Java code, j=interpreted, Vv=VM code, C=native code)
C  [lwjgl_opengl.dll+0xc817]

Java frames: (J=compiled Java code, j=interpreted, Vv=VM code)
j  org.lwjgl.opengl.GL11C.glGetError()I+0
j  org.lwjgl.opengl.GL11.glGetError()I+0
j  org.newdawn.slick.opengl.renderer.ImmediateModeOGLRenderer.glGetError()V+0
j  org.newdawn.slick.opengl.InternalTextureLoader.getTexture(Ljava/io/InputStream;Ljava/lang/String;ZI[I)Lorg/newdawn/slick/opengl/TextureImpl;+202
j  org.newdawn.slick.opengl.InternalTextureLoader.getTexture(Ljava/io/InputStream;Ljava/lang/String;ZI)Lorg/newdawn/slick/opengl/Texture;+7
j  org.newdawn.slick.opengl.TextureLoader.getTexture(Ljava/lang/String;Ljava/io/InputStream;ZI)Lorg/newdawn/slick/opengl/Texture;+32
j  org.newdawn.slick.opengl.TextureLoader.getTexture(Ljava/lang/String;Ljava/io/InputStream;I)Lorg/newdawn/slick/opengl/Texture;+4
j  engine.graphics.Material.<init>(Ljava/lang/String;)V+22
j  Main.Main.<init>()V+211
j  Main.Main.main([Ljava/lang/String;)V+4
v  ~StubRoutines::call_stub 0x0000017aeec9100d

siginfo: EXCEPTION_ACCESS_VIOLATION (0xc0000005), reading address 0x0000000000000310


Registers:
RAX=0x0000017aff5cef90, RBX=0x0000017a804de1a0, RCX=0x0000000000000000, RDX=0x00000055604fefc0
RSP=0x00000055604fef38, RBP=0x00000055604fefb0, RSI=0x0000017a8002e098, RDI=0x0000000000000158
R8 =0x0000000000000002, R9 =0x0000000000000002, R10=0x0000017aeecb1fc4, R11=0x00000007128997f0
R12=0x0000000000000000, R13=0x0000017a804de198, R14=0x00000055604fefc8, R15=0x0000017adf69e090
RIP=0x00007fffed82c817, EFLAGS=0x0000000000010206


Register to memory mapping:

RIP=0x00007fffed82c817 lwjgl_opengl.dll
RAX=0x0000017aff5cef90 points into unknown readable memory: 0x0000000000000000 | 00 00 00 00 00 00 00 00
RBX={method} {0x0000017a804de1a8} 'glGetError' '()I' in 'org/lwjgl/opengl/GL11C'
RCX=0x0 is NULL
RDX=0x00000055604fefc0 is pointing into the stack for thread: 0x0000017adf69e090
RSP=0x00000055604fef38 is pointing into the stack for thread: 0x0000017adf69e090
RBP=0x00000055604fefb0 is pointing into the stack for thread: 0x0000017adf69e090
RSI=0x0000017a8002e098 is pointing into metadata
RDI=0x0000000000000158 is an unknown value
R8 =0x0000000000000002 is an unknown value
R9 =0x0000000000000002 is an unknown value
R10=0x0000017aeecb1fc4 is at code_begin+996 in an Interpreter codelet
method entry point (kind = native)  [0x0000017aeecb1be0, 0x0000017aeecb26d0]  2800 bytes
R11=0x00000007128997f0 is an oop: java.lang.Class 
{0x00000007128997f0} - klass: 'java/lang/Class'
 - ---- fields (total size 116 words):
 - private volatile transient 'classRedefinedCount' 'I' @12  0 (0x00000000)
 - abstract internal 'klass' 'J' @16  34376623536 (0x000000080101a5b0)
 - abstract internal 'array_klass' 'J' @24  0 (0x0000000000000000)
 - abstract internal 'oop_size' 'I' @32  116 (0x00000074)
 - abstract internal 'static_oop_field_count' 'I' @36  0 (0x00000000)
 - private volatile transient 'cachedConstructor' 'Ljava/lang/reflect/Constructor;' @40  NULL (0x00000000)
 - private transient 'name' 'Ljava/lang/String;' @44  "org.lwjgl.opengl.GL11C"{0x0000000712899b90} (0xe2513372)
 - private transient 'module' 'Ljava/lang/Module;' @48  a 'java/lang/Module'{0x0000000712e689b8} (0xe25cd137)
 - private final 'classLoader' 'Ljava/lang/ClassLoader;' @52  a 'jdk/internal/loader/ClassLoaders$AppClassLoader'{0x0000000712e687f8} (0xe25cd0ff)
 - private transient 'classData' 'Ljava/lang/Object;' @56  NULL (0x00000000)
 - private transient 'packageName' 'Ljava/lang/String;' @60  "org.lwjgl.opengl"{0x0000000712a67490} (0xe254ce92)
 - private final 'componentType' 'Ljava/lang/Class;' @64  NULL (0x00000000)
 - private volatile transient 'reflectionData' 'Ljava/lang/ref/SoftReference;' @68  NULL (0x00000000)
 - private volatile transient 'genericInfo' 'Lsun/reflect/generics/repository/ClassRepository;' @72  NULL (0x00000000)
 - private volatile transient 'enumConstants' '[Ljava/lang/Object;' @76  NULL (0x00000000)
 - private volatile transient 'enumConstantDirectory' 'Ljava/util/Map;' @80  NULL (0x00000000)
 - private volatile transient 'annotationData' 'Ljava/lang/Class$AnnotationData;' @84  NULL (0x00000000)
 - private volatile transient 'annotationType' 'Lsun/reflect/annotation/AnnotationType;' @88  NULL (0x00000000)
 - transient 'classValueMap' 'Ljava/lang/ClassValue$ClassValueMap;' @92  NULL (0x00000000)
 - abstract internal 'protection_domain' 'Ljava/lang/Object;' @96  a 'java/security/ProtectionDomain'{0x0000000712a6f348} (0xe254de69)
 - abstract internal 'signers_name' 'Ljava/lang/Object;' @100  NULL (0x00000000)
 - abstract internal 'source_file' 'Ljava/lang/Object;' @104  NULL (0x00000000)
 - signature: Lorg/lwjgl/opengl/GL11C;
 - ---- static fields (0):
 - public static final 'GL_NEVER' 'I' @112  512 (0x00000200)
 - public static final 'GL_LESS' 'I' @116  513 (0x00000201)
 - public static final 'GL_EQUAL' 'I' @120  514 (0x00000202)
 - public static final 'GL_LEQUAL' 'I' @124  515 (0x00000203)
 - public static final 'GL_GREATER' 'I' @128  516 (0x00000204)
 - public static final 'GL_NOTEQUAL' 'I' @132  517 (0x00000205)
 - public static final 'GL_GEQUAL' 'I' @136  518 (0x00000206)
 - public static final 'GL_ALWAYS' 'I' @140  519 (0x00000207)
 - public static final 'GL_DEPTH_BUFFER_BIT' 'I' @144  256 (0x00000100)
 - public static final 'GL_STENCIL_BUFFER_BIT' 'I' @148  1024 (0x00000400)
 - public static final 'GL_COLOR_BUFFER_BIT' 'I' @152  16384 (0x00004000)
 - public static final 'GL_POINTS' 'I' @156  0 (0x00000000)
 - public static final 'GL_LINES' 'I' @160  1 (0x00000001)
 - public static final 'GL_LINE_LOOP' 'I' @164  2 (0x00000002)
 - public static final 'GL_LINE_STRIP' 'I' @168  3 (0x00000003)
 - public static final 'GL_TRIANGLES' 'I' @172  4 (0x00000004)
 - public static final 'GL_TRIANGLE_STRIP' 'I' @176  5 (0x00000005)
 - public static final 'GL_TRIANGLE_FAN' 'I' @180  6 (0x00000006)
 - public static final 'GL_QUADS' 'I' @184  7 (0x00000007)
 - public static final 'GL_ZERO' 'I' @188  0 (0x00000000)
 - public static final 'GL_ONE' 'I' @192  1 (0x00000001)
 - public static final 'GL_SRC_COLOR' 'I' @196  768 (0x00000300)
 - public static final 'GL_ONE_MINUS_SRC_COLOR' 'I' @200  769 (0x00000301)
 - public static final 'GL_SRC_ALPHA' 'I' @204  770 (0x00000302)
 - public static final 'GL_ONE_MINUS_SRC_ALPHA' 'I' @208  771 (0x00000303)
 - public static final 'GL_DST_ALPHA' 'I' @212  772 (0x00000304)
 - public static final 'GL_ONE_MINUS_DST_ALPHA' 'I' @216  773 (0x00000305)
 - public static final 'GL_DST_COLOR' 'I' @220  774 (0x00000306)
 - public static final 'GL_ONE_MINUS_DST_COLOR' 'I' @224  775 (0x00000307)
 - public static final 'GL_SRC_ALPHA_SATURATE' 'I' @228  776 (0x00000308)
 - public static final 'GL_TRUE' 'I' @232  1 (0x00000001)
 - public static final 'GL_FALSE' 'I' @236  0 (0x00000000)
 - public static final 'GL_BYTE' 'I' @240  5120 (0x00001400)
 - public static final 'GL_UNSIGNED_BYTE' 'I' @244  5121 (0x00001401)
 - public static final 'GL_SHORT' 'I' @248  5122 (0x00001402)
 - public static final 'GL_UNSIGNED_SHORT' 'I' @252  5123 (0x00001403)
 - public static final 'GL_INT' 'I' @256  5124 (0x00001404)
 - public static final 'GL_UNSIGNED_INT' 'I' @260  5125 (0x00001405)
 - public static final 'GL_FLOAT' 'I' @264  5126 (0x00001406)
 - public static final 'GL_DOUBLE' 'I' @268  5130 (0x0000140a)
 - public static final 'GL_NONE' 'I' @272  0 (0x00000000)
 - public static final 'GL_FRONT_LEFT' 'I' @276  1024 (0x00000400)
 - public static final 'GL_FRONT_RIGHT' 'I' @280  1025 (0x00000401)
 - public static final 'GL_BACK_LEFT' 'I' @284  1026 (0x00000402)
 - public static final 'GL_BACK_RIGHT' 'I' @288  1027 (0x00000403)
 - public static final 'GL_FRONT' 'I' @292  1028 (0x00000404)
 - public static final 'GL_BACK' 'I' @296  1029 (0x00000405)
 - public static final 'GL_LEFT' 'I' @300  1030 (0x00000406)
 - public static final 'GL_RIGHT' 'I' @304  1031 (0x00000407)
 - public static final 'GL_FRONT_AND_BACK' 'I' @308  1032 (0x00000408)
 - public static final 'GL_NO_ERROR' 'I' @312  0 (0x00000000)
 - public static final 'GL_INVALID_ENUM' 'I' @316  1280 (0x00000500)
 - public static final 'GL_INVALID_VALUE' 'I' @320  1281 (0x00000501)
 - public static final 'GL_INVALID_OPERATION' 'I' @324  1282 (0x00000502)
 - public static final 'GL_STACK_OVERFLOW' 'I' @328  1283 (0x00000503)
 - public static final 'GL_STACK_UNDERFLOW' 'I' @332  1284 (0x00000504)
 - public static final 'GL_OUT_OF_MEMORY' 'I' @336  1285 (0x00000505)
 - public static final 'GL_CW' 'I' @340  2304 (0x00000900)
 - public static final 'GL_CCW' 'I' @344  2305 (0x00000901)
 - public static final 'GL_POINT_SIZE' 'I' @348  2833 (0x00000b11)
 - public static final 'GL_POINT_SIZE_RANGE' 'I' @352  2834 (0x00000b12)
 - public static final 'GL_POINT_SIZE_GRANULARITY' 'I' @356  2835 (0x00000b13)
 - public static final 'GL_LINE_SMOOTH' 'I' @360  2848 (0x00000b20)
 - public static final 'GL_LINE_WIDTH' 'I' @364  2849 (0x00000b21)
 - public static final 'GL_LINE_WIDTH_RANGE' 'I' @368  2850 (0x00000b22)
 - public static final 'GL_LINE_WIDTH_GRANULARITY' 'I' @372  2851 (0x00000b23)
 - public static final 'GL_POLYGON_MODE' 'I' @376  2880 (0x00000b40)
 - public static final 'GL_POLYGON_SMOOTH' 'I' @380  2881 (0x00000b41)
 - public static final 'GL_CULL_FACE' 'I' @384  2884 (0x00000b44)
 - public static final 'GL_CULL_FACE_MODE' 'I' @388  2885 (0x00000b45)
 - public static final 'GL_FRONT_FACE' 'I' @392  2886 (0x00000b46)
 - public static final 'GL_DEPTH_RANGE' 'I' @396  2928 (0x00000b70)
 - public static final 'GL_DEPTH_TEST' 'I' @400  2929 (0x00000b71)
 - public static final 'GL_DEPTH_WRITEMASK' 'I' @404  2930 (0x00000b72)
 - public static final 'GL_DEPTH_CLEAR_VALUE' 'I' @408  2931 (0x00000b73)
 - public static final 'GL_DEPTH_FUNC' 'I' @412  2932 (0x00000b74)
 - public static final 'GL_STENCIL_TEST' 'I' @416  2960 (0x00000b90)
 - public static final 'GL_STENCIL_CLEAR_VALUE' 'I' @420  2961 (0x00000b91)
 - public static final 'GL_STENCIL_FUNC' 'I' @424  2962 (0x00000b92)
 - public static final 'GL_STENCIL_VALUE_MASK' 'I' @428  2963 (0x00000b93)
 - public static final 'GL_STENCIL_FAIL' 'I' @432  2964 (0x00000b94)
 - public static final 'GL_STENCIL_PASS_DEPTH_FAIL' 'I' @436  2965 (0x00000b95)
 - public static final 'GL_STENCIL_PASS_DEPTH_PASS' 'I' @440  2966 (0x00000b96)
 - public static final 'GL_STENCIL_REF' 'I' @444  2967 (0x00000b97)
 - public static final 'GL_STENCIL_WRITEMASK' 'I' @448  2968 (0x00000b98)
 - public static final 'GL_VIEWPORT' 'I' @452  2978 (0x00000ba2)
 - public static final 'GL_DITHER' 'I' @456  3024 (0x00000bd0)
 - public static final 'GL_BLEND_DST' 'I' @460  3040 (0x00000be0)
 - public static final 'GL_BLEND_SRC' 'I' @464  3041 (0x00000be1)
 - public static final 'GL_BLEND' 'I' @468  3042 (0x00000be2)
 - public static final 'GL_LOGIC_OP_MODE' 'I' @472  3056 (0x00000bf0)
 - public static final 'GL_COLOR_LOGIC_OP' 'I' @476  3058 (0x00000bf2)
 - public static final 'GL_DRAW_BUFFER' 'I' @480  3073 (0x00000c01)
 - public static final 'GL_READ_BUFFER' 'I' @484  3074 (0x00000c02)
 - public static final 'GL_SCISSOR_BOX' 'I' @488  3088 (0x00000c10)
 - public static final 'GL_SCISSOR_TEST' 'I' @492  3089 (0x00000c11)
 - public static final 'GL_COLOR_CLEAR_VALUE' 'I' @496  3106 (0x00000c22)
 - public static final 'GL_COLOR_WRITEMASK' 'I' @500  3107 (0x00000c23)
 - public static final 'GL_DOUBLEBUFFER' 'I' @504  3122 (0x00000c32)
 - public static final 'GL_STEREO' 'I' @508  3123 (0x00000c33)
 - public static final 'GL_LINE_SMOOTH_HINT' 'I' @512  3154 (0x00000c52)
 - public static final 'GL_POLYGON_SMOOTH_HINT' 'I' @516  3155 (0x00000c53)
 - public static final 'GL_UNPACK_SWAP_BYTES' 'I' @520  3312 (0x00000cf0)
 - public static final 'GL_UNPACK_LSB_FIRST' 'I' @524  3313 (0x00000cf1)
 - public static final 'GL_UNPACK_ROW_LENGTH' 'I' @528  3314 (0x00000cf2)
 - public static final 'GL_UNPACK_SKIP_ROWS' 'I' @532  3315 (0x00000cf3)
 - public static final 'GL_UNPACK_SKIP_PIXELS' 'I' @536  3316 (0x00000cf4)
 - public static final 'GL_UNPACK_ALIGNMENT' 'I' @540  3317 (0x00000cf5)
 - public static final 'GL_PACK_SWAP_BYTES' 'I' @544  3328 (0x00000d00)
 - public static final 'GL_PACK_LSB_FIRST' 'I' @548  3329 (0x00000d01)
 - public static final 'GL_PACK_ROW_LENGTH' 'I' @552  3330 (0x00000d02)
 - public static final 'GL_PACK_SKIP_ROWS' 'I' @556  3331 (0x00000d03)
 - public static final 'GL_PACK_SKIP_PIXELS' 'I' @560  3332 (0x00000d04)
 - public static final 'GL_PACK_ALIGNMENT' 'I' @564  3333 (0x00000d05)
 - public static final 'GL_MAX_TEXTURE_SIZE' 'I' @568  3379 (0x00000d33)
 - public static final 'GL_MAX_VIEWPORT_DIMS' 'I' @572  3386 (0x00000d3a)
 - public static final 'GL_SUBPIXEL_BITS' 'I' @576  3408 (0x00000d50)
 - public static final 'GL_TEXTURE_1D' 'I' @580  3552 (0x00000de0)
 - public static final 'GL_TEXTURE_2D' 'I' @584  3553 (0x00000de1)
 - public static final 'GL_TEXTURE_WIDTH' 'I' @588  4096 (0x00001000)
 - public static final 'GL_TEXTURE_HEIGHT' 'I' @592  4097 (0x00001001)
 - public static final 'GL_TEXTURE_INTERNAL_FORMAT' 'I' @596  4099 (0x00001003)
 - public static final 'GL_TEXTURE_BORDER_COLOR' 'I' @600  4100 (0x00001004)
 - public static final 'GL_DONT_CARE' 'I' @604  4352 (0x00001100)
 - public static final 'GL_FASTEST' 'I' @608  4353 (0x00001101)
 - public static final 'GL_NICEST' 'I' @612  4354 (0x00001102)
 - public static final 'GL_CLEAR' 'I' @616  5376 (0x00001500)
 - public static final 'GL_AND' 'I' @620  5377 (0x00001501)
 - public static final 'GL_AND_REVERSE' 'I' @624  5378 (0x00001502)
 - public static final 'GL_COPY' 'I' @628  5379 (0x00001503)
 - public static final 'GL_AND_INVERTED' 'I' @632  5380 (0x00001504)
 - public static final 'GL_NOOP' 'I' @636  5381 (0x00001505)
 - public static final 'GL_XOR' 'I' @640  5382 (0x00001506)
 - public static final 'GL_OR' 'I' @644  5383 (0x00001507)
 - public static final 'GL_NOR' 'I' @648  5384 (0x00001508)
 - public static final 'GL_EQUIV' 'I' @652  5385 (0x00001509)
 - public static final 'GL_INVERT' 'I' @656  5386 (0x0000150a)
 - public static final 'GL_OR_REVERSE' 'I' @660  5387 (0x0000150b)
 - public static final 'GL_COPY_INVERTED' 'I' @664  5388 (0x0000150c)
 - public static final 'GL_OR_INVERTED' 'I' @668  5389 (0x0000150d)
 - public static final 'GL_NAND' 'I' @672  5390 (0x0000150e)
 - public static final 'GL_SET' 'I' @676  5391 (0x0000150f)
 - public static final 'GL_TEXTURE' 'I' @680  5890 (0x00001702)
 - public static final 'GL_COLOR' 'I' @684  6144 (0x00001800)
 - public static final 'GL_DEPTH' 'I' @688  6145 (0x00001801)
 - public static final 'GL_STENCIL' 'I' @692  6146 (0x00001802)
 - public static final 'GL_STENCIL_INDEX' 'I' @696  6401 (0x00001901)
 - public static final 'GL_DEPTH_COMPONENT' 'I' @700  6402 (0x00001902)
 - public static final 'GL_RED' 'I' @704  6403 (0x00001903)
 - public static final 'GL_GREEN' 'I' @708  6404 (0x00001904)
 - public static final 'GL_BLUE' 'I' @712  6405 (0x00001905)
 - public static final 'GL_ALPHA' 'I' @716  6406 (0x00001906)
 - public static final 'GL_RGB' 'I' @720  6407 (0x00001907)
 - public static final 'GL_RGBA' 'I' @724  6408 (0x00001908)
 - public static final 'GL_POINT' 'I' @728  6912 (0x00001b00)
 - public static final 'GL_LINE' 'I' @732  6913 (0x00001b01)
 - public static final 'GL_FILL' 'I' @736  6914 (0x00001b02)
 - public static final 'GL_KEEP' 'I' @740  7680 (0x00001e00)
 - public static final 'GL_REPLACE' 'I' @744  7681 (0x00001e01)
 - public static final 'GL_INCR' 'I' @748  7682 (0x00001e02)
 - public static final 'GL_DECR' 'I' @752  7683 (0x00001e03)
 - public static final 'GL_VENDOR' 'I' @756  7936 (0x00001f00)
 - public static final 'GL_RENDERER' 'I' @760  7937 (0x00001f01)
 - public static final 'GL_VERSION' 'I' @764  7938 (0x00001f02)
 - public static final 'GL_EXTENSIONS' 'I' @768  7939 (0x00001f03)
 - public static final 'GL_NEAREST' 'I' @772  9728 (0x00002600)
 - public static final 'GL_LINEAR' 'I' @776  9729 (0x00002601)
 - public static final 'GL_NEAREST_MIPMAP_NEAREST' 'I' @780  9984 (0x00002700)
 - public static final 'GL_LINEAR_MIPMAP_NEAREST' 'I' @784  9985 (0x00002701)
 - public static final 'GL_NEAREST_MIPMAP_LINEAR' 'I' @788  9986 (0x00002702)
 - public static final 'GL_LINEAR_MIPMAP_LINEAR' 'I' @792  9987 (0x00002703)
 - public static final 'GL_TEXTURE_MAG_FILTER' 'I' @796  10240 (0x00002800)
 - public static final 'GL_TEXTURE_MIN_FILTER' 'I' @800  10241 (0x00002801)
 - public static final 'GL_TEXTURE_WRAP_S' 'I' @804  10242 (0x00002802)
 - public static final 'GL_TEXTURE_WRAP_T' 'I' @808  10243 (0x00002803)
 - public static final 'GL_REPEAT' 'I' @812  10497 (0x00002901)
 - public static final 'GL_POLYGON_OFFSET_FACTOR' 'I' @816  32824 (0x00008038)
 - public static final 'GL_POLYGON_OFFSET_UNITS' 'I' @820  10752 (0x00002a00)
 - public static final 'GL_POLYGON_OFFSET_POINT' 'I' @824  10753 (0x00002a01)
 - public static final 'GL_POLYGON_OFFSET_LINE' 'I' @828  10754 (0x00002a02)
 - public static final 'GL_POLYGON_OFFSET_FILL' 'I' @832  32823 (0x00008037)
 - public static final 'GL_R3_G3_B2' 'I' @836  10768 (0x00002a10)
 - public static final 'GL_RGB4' 'I' @840  32847 (0x0000804f)
 - public static final 'GL_RGB5' 'I' @844  32848 (0x00008050)
 - public static final 'GL_RGB8' 'I' @848  32849 (0x00008051)
 - public static final 'GL_RGB10' 'I' @852  32850 (0x00008052)
 - public static final 'GL_RGB12' 'I' @856  32851 (0x00008053)
 - public static final 'GL_RGB16' 'I' @860  32852 (0x00008054)
 - public static final 'GL_RGBA2' 'I' @864  32853 (0x00008055)
 - public static final 'GL_RGBA4' 'I' @868  32854 (0x00008056)
 - public static final 'GL_RGB5_A1' 'I' @872  32855 (0x00008057)
 - public static final 'GL_RGBA8' 'I' @876  32856 (0x00008058)
 - public static final 'GL_RGB10_A2' 'I' @880  32857 (0x00008059)
 - public static final 'GL_RGBA12' 'I' @884  32858 (0x0000805a)
 - public static final 'GL_RGBA16' 'I' @888  32859 (0x0000805b)
 - public static final 'GL_TEXTURE_RED_SIZE' 'I' @892  32860 (0x0000805c)
 - public static final 'GL_TEXTURE_GREEN_SIZE' 'I' @896  32861 (0x0000805d)
 - public static final 'GL_TEXTURE_BLUE_SIZE' 'I' @900  32862 (0x0000805e)
 - public static final 'GL_TEXTURE_ALPHA_SIZE' 'I' @904  32863 (0x0000805f)
 - public static final 'GL_PROXY_TEXTURE_1D' 'I' @908  32867 (0x00008063)
 - public static final 'GL_PROXY_TEXTURE_2D' 'I' @912  32868 (0x00008064)
 - public static final 'GL_TEXTURE_BINDING_1D' 'I' @916  32872 (0x00008068)
 - public static final 'GL_TEXTURE_BINDING_2D' 'I' @920  32873 (0x00008069)
 - public static final 'GL_VERTEX_ARRAY' 'I' @924  32884 (0x00008074)
R12=0x0 is NULL
R13=0x0000017a804de198 is pointing into metadata
R14=0x00000055604fefc8 is pointing into the stack for thread: 0x0000017adf69e090
R15=0x0000017adf69e090 is a thread


Top of Stack: (sp=0x00000055604fef38)
0x00000055604fef38:   0000017aeecb1ff3 0000017a804de1a0
0x00000055604fef48:   0000017a8002e098 0000017a8043dfb0
0x00000055604fef58:   0000017adf69e090 0000017aeecb1c96
0x00000055604fef68:   00000055604fef68 0000017a804de198
0x00000055604fef78:   00000055604fefc8 0000017a804e8000
0x00000055604fef88:   0000000000000000 00000007128997f0
0x00000055604fef98:   0000017a804de1a0 0000000000000000
0x00000055604fefa8:   00000055604fefd0 00000055604ff018
0x00000055604fefb8:   0000017aeecadf9e 00000007128997f0
0x00000055604fefc8:   0000017aeecaf895 00000055604fefd0
0x00000055604fefd8:   0000017a8043df98 00000055604ff020
0x00000055604fefe8:   0000017a804612b8 0000000000000000
0x00000055604feff8:   0000000712a6f518 0000017a8043dfb0
0x00000055604ff008:   00000055604fefd0 00000055604ff028
0x00000055604ff018:   00000055604ff070 0000017aeecadf9e
0x00000055604ff028:   00000055604ff028 0000017a80428840
0x00000055604ff038:   00000055604ff080 0000017a80428d38
0x00000055604ff048:   0000000000000000 0000000712a63530
0x00000055604ff058:   0000017a80428860 00000055604ff028
0x00000055604ff068:   00000055604ff080 00000055604ff0d0
0x00000055604ff078:   0000017aeecae2da 0000000712a63658
0x00000055604ff088:   00000055604ff088 0000017a8040edea
0x00000055604ff098:   00000055604ff128 0000017a804210b8
0x00000055604ff0a8:   0000000000000000 0000000712a44088
0x00000055604ff0b8:   0000017a8040ef18 00000055604ff080
0x00000055604ff0c8:   00000055604ff100 00000055604ff178
0x00000055604ff0d8:   0000017aeecadfe3 0000000000000000
0x00000055604ff0e8:   0000000000000000 0000000712a66768
0x00000055604ff0f8:   0000000712a663c0 0000000000000000
0x00000055604ff108:   0000000000002601 0000000000000000
0x00000055604ff118:   0000000712a666b8 0000000712a33f00
0x00000055604ff128:   0000000712a662f8 00000055604ff130 

Instructions: (pc=0x00007fffed82c817)
0x00007fffed82c717:   48 ff a1 98 02 00 00 cc cc 48 8b 01 48 8b 48 18
0x00007fffed82c727:   48 ff a1 a0 02 00 00 cc cc 48 8b 01 41 8b c8 48
0x00007fffed82c737:   8b 50 18 48 ff a2 c8 02 00 00 cc cc cc cc cc cc
0x00007fffed82c747:   cc cc cc cc cc cc cc cc cc 48 8b 01 49 8b d1 41
0x00007fffed82c757:   8b c8 4c 8b 50 18 49 ff a2 d8 02 00 00 cc cc cc
0x00007fffed82c767:   cc cc cc cc cc cc cc cc cc 48 8b 01 49 8b d1 41
0x00007fffed82c777:   8b c8 4c 8b 50 18 49 ff a2 e0 02 00 00 cc cc cc
0x00007fffed82c787:   cc cc cc cc cc cc cc cc cc 48 8b 01 49 8b d1 41
0x00007fffed82c797:   8b c8 4c 8b 50 18 49 ff a2 f0 02 00 00 cc cc cc
0x00007fffed82c7a7:   cc cc cc cc cc cc cc cc cc 48 8b 01 49 8b d1 41
0x00007fffed82c7b7:   8b c8 4c 8b 50 18 49 ff a2 f8 02 00 00 cc cc cc
0x00007fffed82c7c7:   cc cc cc cc cc cc cc cc cc 48 8b 01 49 8b d1 41
0x00007fffed82c7d7:   8b c8 4c 8b 50 18 49 ff a2 00 03 00 00 cc cc cc
0x00007fffed82c7e7:   cc cc cc cc cc cc cc cc cc 48 8b 01 49 8b d1 41
0x00007fffed82c7f7:   8b c8 4c 8b 50 18 49 ff a2 08 03 00 00 cc cc cc
0x00007fffed82c807:   cc cc cc cc cc cc cc cc cc 48 8b 01 48 8b 48 18
0x00007fffed82c817:   48 8b 81 10 03 00 00 48 ff e0 cc cc cc cc cc cc
0x00007fffed82c827:   cc cc cc cc cc cc cc cc cc 48 8b 01 49 8b d1 41
0x00007fffed82c837:   8b c8 4c 8b 50 18 49 ff a2 68 03 00 00 cc cc cc
0x00007fffed82c847:   cc cc cc cc cc cc cc cc cc 48 8b 01 48 8b 48 18
0x00007fffed82c857:   48 8b 81 78 03 00 00 41 8b c8 48 ff e0 cc cc cc
0x00007fffed82c867:   cc cc cc cc cc cc cc cc cc 40 53 48 8b 01 41 8b
0x00007fffed82c877:   d8 44 8b 44 24 30 41 8b d1 44 8b 4c 24 38 8b cb
0x00007fffed82c887:   4c 8b 50 18 48 8b 44 24 40 48 89 44 24 30 5b 49
0x00007fffed82c897:   ff a2 a8 03 00 00 cc cc cc 40 53 48 8b 01 41 8b
0x00007fffed82c8a7:   d8 44 8b 44 24 30 41 8b d1 4c 8b 4c 24 38 8b cb
0x00007fffed82c8b7:   4c 8b 50 18 5b 49 ff a2 b0 03 00 00 cc cc cc cc
0x00007fffed82c8c7:   cc cc cc cc cc cc cc cc cc 40 53 48 8b 01 41 8b
0x00007fffed82c8d7:   d8 44 8b 44 24 30 41 8b d1 4c 8b 4c 24 38 8b cb
0x00007fffed82c8e7:   4c 8b 50 18 5b 49 ff a2 b8 03 00 00 cc cc cc cc
0x00007fffed82c8f7:   cc cc cc cc cc cc cc cc cc 48 8b 01 45 8b d8 4c
0x00007fffed82c907:   8b 44 24 28 41 8b d1 41 8b cb 4c 8b 50 18 49 ff 


Stack slot to memory mapping:
stack at sp + 0 slots: 0x0000017aeecb1ff3 is at code_begin+1043 in an Interpreter codelet
method entry point (kind = native)  [0x0000017aeecb1be0, 0x0000017aeecb26d0]  2800 bytes
stack at sp + 1 slots: {method} {0x0000017a804de1a8} 'glGetError' '()I' in 'org/lwjgl/opengl/GL11C'
stack at sp + 2 slots: 0x0000017a8002e098 is pointing into metadata
stack at sp + 3 slots: {method} {0x0000017a8043dfb8} 'glGetError' '()I' in 'org/lwjgl/opengl/GL11'
stack at sp + 4 slots: 0x0000017adf69e090 is a thread
stack at sp + 5 slots: 0x0000017aeecb1c96 is at code_begin+182 in an Interpreter codelet
method entry point (kind = native)  [0x0000017aeecb1be0, 0x0000017aeecb26d0]  2800 bytes
stack at sp + 6 slots: 0x00000055604fef68 is pointing into the stack for thread: 0x0000017adf69e090
stack at sp + 7 slots: 0x0000017a804de198 is pointing into metadata


---------------  P R O C E S S  ---------------

Threads class SMR info:
_java_thread_list=0x0000017aff50ac80, length=13, elements={
0x0000017adf69e090, 0x0000017aff02f200, 0x0000017aff030000, 0x0000017aff033d20,
0x0000017aff036100, 0x0000017aff036a40, 0x0000017aff037380, 0x0000017aff03b4f0,
0x0000017aff045e90, 0x0000017afeffc760, 0x0000017aff3a4820, 0x0000017aff3a4d70,
0x0000017aff50ae00
}

Java Threads: ( => current thread )
=>0x0000017adf69e090 JavaThread "main" [_thread_in_native, id=8316, stack(0x0000005560400000,0x0000005560500000)]
  0x0000017aff02f200 JavaThread "Reference Handler" daemon [_thread_blocked, id=14592, stack(0x0000005560b00000,0x0000005560c00000)]
  0x0000017aff030000 JavaThread "Finalizer" daemon [_thread_blocked, id=15292, stack(0x0000005560c00000,0x0000005560d00000)]
  0x0000017aff033d20 JavaThread "Signal Dispatcher" daemon [_thread_blocked, id=14660, stack(0x0000005560d00000,0x0000005560e00000)]
  0x0000017aff036100 JavaThread "Attach Listener" daemon [_thread_blocked, id=16688, stack(0x0000005560e00000,0x0000005560f00000)]
  0x0000017aff036a40 JavaThread "Service Thread" daemon [_thread_blocked, id=18680, stack(0x0000005560f00000,0x0000005561000000)]
  0x0000017aff037380 JavaThread "Monitor Deflation Thread" daemon [_thread_blocked, id=6716, stack(0x0000005561000000,0x0000005561100000)]
  0x0000017aff03b4f0 JavaThread "C2 CompilerThread0" daemon [_thread_blocked, id=3296, stack(0x0000005561100000,0x0000005561200000)]
  0x0000017aff045e90 JavaThread "C1 CompilerThread0" daemon [_thread_blocked, id=16796, stack(0x0000005561200000,0x0000005561300000)]
  0x0000017afeffc760 JavaThread "Common-Cleaner" daemon [_thread_blocked, id=16156, stack(0x0000005561300000,0x0000005561400000)]
  0x0000017aff3a4820 JavaThread "Monitor Ctrl-Break" daemon [_thread_in_native, id=8528, stack(0x0000005561400000,0x0000005561500000)]
  0x0000017aff3a4d70 JavaThread "Notification Thread" daemon [_thread_blocked, id=3280, stack(0x0000005561500000,0x0000005561600000)]
  0x0000017aff50ae00 JavaThread "C2 CompilerThread1" daemon [_thread_blocked, id=6012, stack(0x0000005561700000,0x0000005561800000)]

Other Threads:
  0x0000017aff0127e0 VMThread "VM Thread" [stack: 0x0000005560a00000,0x0000005560b00000] [id=12856]
  0x0000017aff3c8340 WatcherThread "VM Periodic Task Thread" [stack: 0x0000005561600000,0x0000005561700000] [id=12776]
  0x0000017adf70df80 WorkerThread "GC Thread#0" [stack: 0x0000005560500000,0x0000005560600000] [id=9968]
  0x0000017adf71ed00 ConcurrentGCThread "G1 Main Marker" [stack: 0x0000005560600000,0x0000005560700000] [id=16708]
  0x0000017adf720ee0 WorkerThread "G1 Conc#0" [stack: 0x0000005560700000,0x0000005560800000] [id=17456]
  0x0000017adf76e6c0 ConcurrentGCThread "G1 Refine#0" [stack: 0x0000005560800000,0x0000005560900000] [id=8624]
  0x0000017afeecc790 ConcurrentGCThread "G1 Service" [stack: 0x0000005560900000,0x0000005560a00000] [id=432]

Threads with active compile tasks:

VM state: not at safepoint (normal execution)

VM Mutex/Monitor currently owned by a thread: None

Heap address: 0x0000000703200000, size: 4046 MB, Compressed Oops mode: Zero based, Oop shift amount: 3

CDS archive(s) mapped at: [0x0000000800000000-0x0000000800c60000-0x0000000800c60000), size 12976128, SharedBaseAddress: 0x0000000800000000, ArchiveRelocationMode: 0.
Compressed class space mapped at: 0x0000000801000000-0x0000000841000000, reserved size: 1073741824
Narrow klass base: 0x0000000800000000, Narrow klass shift: 0, Narrow klass range: 0x100000000

GC Precious Log:
 CardTable entry size: 512
 Card Set container configuration: InlinePtr #cards 4 size 8 Array Of Cards #cards 16 size 48 Howl #buckets 8 coarsen threshold 3686 Howl Bitmap #cards 512 size 80 coarsen threshold 460 Card regions per heap region 1 cards per card region 4096
 CPUs: 12 total, 12 available
 Memory: 16180M
 Large Page Support: Disabled
 NUMA Support: Disabled
 Compressed Oops: Enabled (Zero based)
 Heap Region Size: 2M
 Heap Min Capacity: 8M
 Heap Initial Capacity: 254M
 Heap Max Capacity: 4046M
 Pre-touch: Disabled
 Parallel Workers: 10
 Concurrent Workers: 3
 Concurrent Refinement Workers: 10
 Periodic GC: Disabled

Heap:
 garbage-first heap   total 260096K, used 6144K [0x0000000703200000, 0x0000000800000000)
  region size 2048K, 4 young (8192K), 0 survivors (0K)
 Metaspace       used 2555K, committed 2688K, reserved 1114112K
  class space    used 201K, committed 256K, reserved 1048576K

Heap Regions: E=young(eden), S=young(survivor), O=old, HS=humongous(starts), HC=humongous(continues), CS=collection set, F=free, OA=open archive, CA=closed archive, TAMS=top-at-mark-start, PB=parsable bottom
|   0|0x0000000703200000, 0x0000000703200000, 0x0000000703400000|  0%| F|  |TAMS 0x0000000703200000| PB 0x0000000703200000| Untracked 
|   1|0x0000000703400000, 0x0000000703400000, 0x0000000703600000|  0%| F|  |TAMS 0x0000000703400000| PB 0x0000000703400000| Untracked 
|   2|0x0000000703600000, 0x0000000703600000, 0x0000000703800000|  0%| F|  |TAMS 0x0000000703600000| PB 0x0000000703600000| Untracked 
|   3|0x0000000703800000, 0x0000000703800000, 0x0000000703a00000|  0%| F|  |TAMS 0x0000000703800000| PB 0x0000000703800000| Untracked 
|   4|0x0000000703a00000, 0x0000000703a00000, 0x0000000703c00000|  0%| F|  |TAMS 0x0000000703a00000| PB 0x0000000703a00000| Untracked 
|   5|0x0000000703c00000, 0x0000000703c00000, 0x0000000703e00000|  0%| F|  |TAMS 0x0000000703c00000| PB 0x0000000703c00000| Untracked 
|   6|0x0000000703e00000, 0x0000000703e00000, 0x0000000704000000|  0%| F|  |TAMS 0x0000000703e00000| PB 0x0000000703e00000| Untracked 
|   7|0x0000000704000000, 0x0000000704000000, 0x0000000704200000|  0%| F|  |TAMS 0x0000000704000000| PB 0x0000000704000000| Untracked 
|   8|0x0000000704200000, 0x0000000704200000, 0x0000000704400000|  0%| F|  |TAMS 0x0000000704200000| PB 0x0000000704200000| Untracked 
|   9|0x0000000704400000, 0x0000000704400000, 0x0000000704600000|  0%| F|  |TAMS 0x0000000704400000| PB 0x0000000704400000| Untracked 
|  10|0x0000000704600000, 0x0000000704600000, 0x0000000704800000|  0%| F|  |TAMS 0x0000000704600000| PB 0x0000000704600000| Untracked 
|  11|0x0000000704800000, 0x0000000704800000, 0x0000000704a00000|  0%| F|  |TAMS 0x0000000704800000| PB 0x0000000704800000| Untracked 
|  12|0x0000000704a00000, 0x0000000704a00000, 0x0000000704c00000|  0%| F|  |TAMS 0x0000000704a00000| PB 0x0000000704a00000| Untracked 
|  13|0x0000000704c00000, 0x0000000704c00000, 0x0000000704e00000|  0%| F|  |TAMS 0x0000000704c00000| PB 0x0000000704c00000| Untracked 
|  14|0x0000000704e00000, 0x0000000704e00000, 0x0000000705000000|  0%| F|  |TAMS 0x0000000704e00000| PB 0x0000000704e00000| Untracked 
|  15|0x0000000705000000, 0x0000000705000000, 0x0000000705200000|  0%| F|  |TAMS 0x0000000705000000| PB 0x0000000705000000| Untracked 
|  16|0x0000000705200000, 0x0000000705200000, 0x0000000705400000|  0%| F|  |TAMS 0x0000000705200000| PB 0x0000000705200000| Untracked 
|  17|0x0000000705400000, 0x0000000705400000, 0x0000000705600000|  0%| F|  |TAMS 0x0000000705400000| PB 0x0000000705400000| Untracked 
|  18|0x0000000705600000, 0x0000000705600000, 0x0000000705800000|  0%| F|  |TAMS 0x0000000705600000| PB 0x0000000705600000| Untracked 
|  19|0x0000000705800000, 0x0000000705800000, 0x0000000705a00000|  0%| F|  |TAMS 0x0000000705800000| PB 0x0000000705800000| Untracked 
|  20|0x0000000705a00000, 0x0000000705a00000, 0x0000000705c00000|  0%| F|  |TAMS 0x0000000705a00000| PB 0x0000000705a00000| Untracked 
|  21|0x0000000705c00000, 0x0000000705c00000, 0x0000000705e00000|  0%| F|  |TAMS 0x0000000705c00000| PB 0x0000000705c00000| Untracked 
|  22|0x0000000705e00000, 0x0000000705e00000, 0x0000000706000000|  0%| F|  |TAMS 0x0000000705e00000| PB 0x0000000705e00000| Untracked 
|  23|0x0000000706000000, 0x0000000706000000, 0x0000000706200000|  0%| F|  |TAMS 0x0000000706000000| PB 0x0000000706000000| Untracked 
|  24|0x0000000706200000, 0x0000000706200000, 0x0000000706400000|  0%| F|  |TAMS 0x0000000706200000| PB 0x0000000706200000| Untracked 
|  25|0x0000000706400000, 0x0000000706400000, 0x0000000706600000|  0%| F|  |TAMS 0x0000000706400000| PB 0x0000000706400000| Untracked 
|  26|0x0000000706600000, 0x0000000706600000, 0x0000000706800000|  0%| F|  |TAMS 0x0000000706600000| PB 0x0000000706600000| Untracked 
|  27|0x0000000706800000, 0x0000000706800000, 0x0000000706a00000|  0%| F|  |TAMS 0x0000000706800000| PB 0x0000000706800000| Untracked 
|  28|0x0000000706a00000, 0x0000000706a00000, 0x0000000706c00000|  0%| F|  |TAMS 0x0000000706a00000| PB 0x0000000706a00000| Untracked 
|  29|0x0000000706c00000, 0x0000000706c00000, 0x0000000706e00000|  0%| F|  |TAMS 0x0000000706c00000| PB 0x0000000706c00000| Untracked 
|  30|0x0000000706e00000, 0x0000000706e00000, 0x0000000707000000|  0%| F|  |TAMS 0x0000000706e00000| PB 0x0000000706e00000| Untracked 
|  31|0x0000000707000000, 0x0000000707000000, 0x0000000707200000|  0%| F|  |TAMS 0x0000000707000000| PB 0x0000000707000000| Untracked 
|  32|0x0000000707200000, 0x0000000707200000, 0x0000000707400000|  0%| F|  |TAMS 0x0000000707200000| PB 0x0000000707200000| Untracked 
|  33|0x0000000707400000, 0x0000000707400000, 0x0000000707600000|  0%| F|  |TAMS 0x0000000707400000| PB 0x0000000707400000| Untracked 
|  34|0x0000000707600000, 0x0000000707600000, 0x0000000707800000|  0%| F|  |TAMS 0x0000000707600000| PB 0x0000000707600000| Untracked 
|  35|0x0000000707800000, 0x0000000707800000, 0x0000000707a00000|  0%| F|  |TAMS 0x0000000707800000| PB 0x0000000707800000| Untracked 
|  36|0x0000000707a00000, 0x0000000707a00000, 0x0000000707c00000|  0%| F|  |TAMS 0x0000000707a00000| PB 0x0000000707a00000| Untracked 
|  37|0x0000000707c00000, 0x0000000707c00000, 0x0000000707e00000|  0%| F|  |TAMS 0x0000000707c00000| PB 0x0000000707c00000| Untracked 
|  38|0x0000000707e00000, 0x0000000707e00000, 0x0000000708000000|  0%| F|  |TAMS 0x0000000707e00000| PB 0x0000000707e00000| Untracked 
|  39|0x0000000708000000, 0x0000000708000000, 0x0000000708200000|  0%| F|  |TAMS 0x0000000708000000| PB 0x0000000708000000| Untracked 
|  40|0x0000000708200000, 0x0000000708200000, 0x0000000708400000|  0%| F|  |TAMS 0x0000000708200000| PB 0x0000000708200000| Untracked 
|  41|0x0000000708400000, 0x0000000708400000, 0x0000000708600000|  0%| F|  |TAMS 0x0000000708400000| PB 0x0000000708400000| Untracked 
|  42|0x0000000708600000, 0x0000000708600000, 0x0000000708800000|  0%| F|  |TAMS 0x0000000708600000| PB 0x0000000708600000| Untracked 
|  43|0x0000000708800000, 0x0000000708800000, 0x0000000708a00000|  0%| F|  |TAMS 0x0000000708800000| PB 0x0000000708800000| Untracked 
|  44|0x0000000708a00000, 0x0000000708a00000, 0x0000000708c00000|  0%| F|  |TAMS 0x0000000708a00000| PB 0x0000000708a00000| Untracked 
|  45|0x0000000708c00000, 0x0000000708c00000, 0x0000000708e00000|  0%| F|  |TAMS 0x0000000708c00000| PB 0x0000000708c00000| Untracked 
|  46|0x0000000708e00000, 0x0000000708e00000, 0x0000000709000000|  0%| F|  |TAMS 0x0000000708e00000| PB 0x0000000708e00000| Untracked 
|  47|0x0000000709000000, 0x0000000709000000, 0x0000000709200000|  0%| F|  |TAMS 0x0000000709000000| PB 0x0000000709000000| Untracked 
|  48|0x0000000709200000, 0x0000000709200000, 0x0000000709400000|  0%| F|  |TAMS 0x0000000709200000| PB 0x0000000709200000| Untracked 
|  49|0x0000000709400000, 0x0000000709400000, 0x0000000709600000|  0%| F|  |TAMS 0x0000000709400000| PB 0x0000000709400000| Untracked 
|  50|0x0000000709600000, 0x0000000709600000, 0x0000000709800000|  0%| F|  |TAMS 0x0000000709600000| PB 0x0000000709600000| Untracked 
|  51|0x0000000709800000, 0x0000000709800000, 0x0000000709a00000|  0%| F|  |TAMS 0x0000000709800000| PB 0x0000000709800000| Untracked 
|  52|0x0000000709a00000, 0x0000000709a00000, 0x0000000709c00000|  0%| F|  |TAMS 0x0000000709a00000| PB 0x0000000709a00000| Untracked 
|  53|0x0000000709c00000, 0x0000000709c00000, 0x0000000709e00000|  0%| F|  |TAMS 0x0000000709c00000| PB 0x0000000709c00000| Untracked 
|  54|0x0000000709e00000, 0x0000000709e00000, 0x000000070a000000|  0%| F|  |TAMS 0x0000000709e00000| PB 0x0000000709e00000| Untracked 
|  55|0x000000070a000000, 0x000000070a000000, 0x000000070a200000|  0%| F|  |TAMS 0x000000070a000000| PB 0x000000070a000000| Untracked 
|  56|0x000000070a200000, 0x000000070a200000, 0x000000070a400000|  0%| F|  |TAMS 0x000000070a200000| PB 0x000000070a200000| Untracked 
|  57|0x000000070a400000, 0x000000070a400000, 0x000000070a600000|  0%| F|  |TAMS 0x000000070a400000| PB 0x000000070a400000| Untracked 
|  58|0x000000070a600000, 0x000000070a600000, 0x000000070a800000|  0%| F|  |TAMS 0x000000070a600000| PB 0x000000070a600000| Untracked 
|  59|0x000000070a800000, 0x000000070a800000, 0x000000070aa00000|  0%| F|  |TAMS 0x000000070a800000| PB 0x000000070a800000| Untracked 
|  60|0x000000070aa00000, 0x000000070aa00000, 0x000000070ac00000|  0%| F|  |TAMS 0x000000070aa00000| PB 0x000000070aa00000| Untracked 
|  61|0x000000070ac00000, 0x000000070ac00000, 0x000000070ae00000|  0%| F|  |TAMS 0x000000070ac00000| PB 0x000000070ac00000| Untracked 
|  62|0x000000070ae00000, 0x000000070ae00000, 0x000000070b000000|  0%| F|  |TAMS 0x000000070ae00000| PB 0x000000070ae00000| Untracked 
|  63|0x000000070b000000, 0x000000070b000000, 0x000000070b200000|  0%| F|  |TAMS 0x000000070b000000| PB 0x000000070b000000| Untracked 
|  64|0x000000070b200000, 0x000000070b200000, 0x000000070b400000|  0%| F|  |TAMS 0x000000070b200000| PB 0x000000070b200000| Untracked 
|  65|0x000000070b400000, 0x000000070b400000, 0x000000070b600000|  0%| F|  |TAMS 0x000000070b400000| PB 0x000000070b400000| Untracked 
|  66|0x000000070b600000, 0x000000070b600000, 0x000000070b800000|  0%| F|  |TAMS 0x000000070b600000| PB 0x000000070b600000| Untracked 
|  67|0x000000070b800000, 0x000000070b800000, 0x000000070ba00000|  0%| F|  |TAMS 0x000000070b800000| PB 0x000000070b800000| Untracked 
|  68|0x000000070ba00000, 0x000000070ba00000, 0x000000070bc00000|  0%| F|  |TAMS 0x000000070ba00000| PB 0x000000070ba00000| Untracked 
|  69|0x000000070bc00000, 0x000000070bc00000, 0x000000070be00000|  0%| F|  |TAMS 0x000000070bc00000| PB 0x000000070bc00000| Untracked 
|  70|0x000000070be00000, 0x000000070be00000, 0x000000070c000000|  0%| F|  |TAMS 0x000000070be00000| PB 0x000000070be00000| Untracked 
|  71|0x000000070c000000, 0x000000070c000000, 0x000000070c200000|  0%| F|  |TAMS 0x000000070c000000| PB 0x000000070c000000| Untracked 
|  72|0x000000070c200000, 0x000000070c200000, 0x000000070c400000|  0%| F|  |TAMS 0x000000070c200000| PB 0x000000070c200000| Untracked 
|  73|0x000000070c400000, 0x000000070c400000, 0x000000070c600000|  0%| F|  |TAMS 0x000000070c400000| PB 0x000000070c400000| Untracked 
|  74|0x000000070c600000, 0x000000070c600000, 0x000000070c800000|  0%| F|  |TAMS 0x000000070c600000| PB 0x000000070c600000| Untracked 
|  75|0x000000070c800000, 0x000000070c800000, 0x000000070ca00000|  0%| F|  |TAMS 0x000000070c800000| PB 0x000000070c800000| Untracked 
|  76|0x000000070ca00000, 0x000000070ca00000, 0x000000070cc00000|  0%| F|  |TAMS 0x000000070ca00000| PB 0x000000070ca00000| Untracked 
|  77|0x000000070cc00000, 0x000000070cc00000, 0x000000070ce00000|  0%| F|  |TAMS 0x000000070cc00000| PB 0x000000070cc00000| Untracked 
|  78|0x000000070ce00000, 0x000000070ce00000, 0x000000070d000000|  0%| F|  |TAMS 0x000000070ce00000| PB 0x000000070ce00000| Untracked 
|  79|0x000000070d000000, 0x000000070d000000, 0x000000070d200000|  0%| F|  |TAMS 0x000000070d000000| PB 0x000000070d000000| Untracked 
|  80|0x000000070d200000, 0x000000070d200000, 0x000000070d400000|  0%| F|  |TAMS 0x000000070d200000| PB 0x000000070d200000| Untracked 
|  81|0x000000070d400000, 0x000000070d400000, 0x000000070d600000|  0%| F|  |TAMS 0x000000070d400000| PB 0x000000070d400000| Untracked 
|  82|0x000000070d600000, 0x000000070d600000, 0x000000070d800000|  0%| F|  |TAMS 0x000000070d600000| PB 0x000000070d600000| Untracked 
|  83|0x000000070d800000, 0x000000070d800000, 0x000000070da00000|  0%| F|  |TAMS 0x000000070d800000| PB 0x000000070d800000| Untracked 
|  84|0x000000070da00000, 0x000000070da00000, 0x000000070dc00000|  0%| F|  |TAMS 0x000000070da00000| PB 0x000000070da00000| Untracked 
|  85|0x000000070dc00000, 0x000000070dc00000, 0x000000070de00000|  0%| F|  |TAMS 0x000000070dc00000| PB 0x000000070dc00000| Untracked 
|  86|0x000000070de00000, 0x000000070de00000, 0x000000070e000000|  0%| F|  |TAMS 0x000000070de00000| PB 0x000000070de00000| Untracked 
|  87|0x000000070e000000, 0x000000070e000000, 0x000000070e200000|  0%| F|  |TAMS 0x000000070e000000| PB 0x000000070e000000| Untracked 
|  88|0x000000070e200000, 0x000000070e200000, 0x000000070e400000|  0%| F|  |TAMS 0x000000070e200000| PB 0x000000070e200000| Untracked 
|  89|0x000000070e400000, 0x000000070e400000, 0x000000070e600000|  0%| F|  |TAMS 0x000000070e400000| PB 0x000000070e400000| Untracked 
|  90|0x000000070e600000, 0x000000070e600000, 0x000000070e800000|  0%| F|  |TAMS 0x000000070e600000| PB 0x000000070e600000| Untracked 
|  91|0x000000070e800000, 0x000000070e800000, 0x000000070ea00000|  0%| F|  |TAMS 0x000000070e800000| PB 0x000000070e800000| Untracked 
|  92|0x000000070ea00000, 0x000000070ea00000, 0x000000070ec00000|  0%| F|  |TAMS 0x000000070ea00000| PB 0x000000070ea00000| Untracked 
|  93|0x000000070ec00000, 0x000000070ec00000, 0x000000070ee00000|  0%| F|  |TAMS 0x000000070ec00000| PB 0x000000070ec00000| Untracked 
|  94|0x000000070ee00000, 0x000000070ee00000, 0x000000070f000000|  0%| F|  |TAMS 0x000000070ee00000| PB 0x000000070ee00000| Untracked 
|  95|0x000000070f000000, 0x000000070f000000, 0x000000070f200000|  0%| F|  |TAMS 0x000000070f000000| PB 0x000000070f000000| Untracked 
|  96|0x000000070f200000, 0x000000070f200000, 0x000000070f400000|  0%| F|  |TAMS 0x000000070f200000| PB 0x000000070f200000| Untracked 
|  97|0x000000070f400000, 0x000000070f400000, 0x000000070f600000|  0%| F|  |TAMS 0x000000070f400000| PB 0x000000070f400000| Untracked 
|  98|0x000000070f600000, 0x000000070f600000, 0x000000070f800000|  0%| F|  |TAMS 0x000000070f600000| PB 0x000000070f600000| Untracked 
|  99|0x000000070f800000, 0x000000070f800000, 0x000000070fa00000|  0%| F|  |TAMS 0x000000070f800000| PB 0x000000070f800000| Untracked 
| 100|0x000000070fa00000, 0x000000070fa00000, 0x000000070fc00000|  0%| F|  |TAMS 0x000000070fa00000| PB 0x000000070fa00000| Untracked 
| 101|0x000000070fc00000, 0x000000070fc00000, 0x000000070fe00000|  0%| F|  |TAMS 0x000000070fc00000| PB 0x000000070fc00000| Untracked 
| 102|0x000000070fe00000, 0x000000070fe00000, 0x0000000710000000|  0%| F|  |TAMS 0x000000070fe00000| PB 0x000000070fe00000| Untracked 
| 103|0x0000000710000000, 0x0000000710000000, 0x0000000710200000|  0%| F|  |TAMS 0x0000000710000000| PB 0x0000000710000000| Untracked 
| 104|0x0000000710200000, 0x0000000710200000, 0x0000000710400000|  0%| F|  |TAMS 0x0000000710200000| PB 0x0000000710200000| Untracked 
| 105|0x0000000710400000, 0x0000000710400000, 0x0000000710600000|  0%| F|  |TAMS 0x0000000710400000| PB 0x0000000710400000| Untracked 
| 106|0x0000000710600000, 0x0000000710600000, 0x0000000710800000|  0%| F|  |TAMS 0x0000000710600000| PB 0x0000000710600000| Untracked 
| 107|0x0000000710800000, 0x0000000710800000, 0x0000000710a00000|  0%| F|  |TAMS 0x0000000710800000| PB 0x0000000710800000| Untracked 
| 108|0x0000000710a00000, 0x0000000710a00000, 0x0000000710c00000|  0%| F|  |TAMS 0x0000000710a00000| PB 0x0000000710a00000| Untracked 
| 109|0x0000000710c00000, 0x0000000710c00000, 0x0000000710e00000|  0%| F|  |TAMS 0x0000000710c00000| PB 0x0000000710c00000| Untracked 
| 110|0x0000000710e00000, 0x0000000710e00000, 0x0000000711000000|  0%| F|  |TAMS 0x0000000710e00000| PB 0x0000000710e00000| Untracked 
| 111|0x0000000711000000, 0x0000000711000000, 0x0000000711200000|  0%| F|  |TAMS 0x0000000711000000| PB 0x0000000711000000| Untracked 
| 112|0x0000000711200000, 0x0000000711200000, 0x0000000711400000|  0%| F|  |TAMS 0x0000000711200000| PB 0x0000000711200000| Untracked 
| 113|0x0000000711400000, 0x0000000711400000, 0x0000000711600000|  0%| F|  |TAMS 0x0000000711400000| PB 0x0000000711400000| Untracked 
| 114|0x0000000711600000, 0x0000000711600000, 0x0000000711800000|  0%| F|  |TAMS 0x0000000711600000| PB 0x0000000711600000| Untracked 
| 115|0x0000000711800000, 0x0000000711800000, 0x0000000711a00000|  0%| F|  |TAMS 0x0000000711800000| PB 0x0000000711800000| Untracked 
| 116|0x0000000711a00000, 0x0000000711a00000, 0x0000000711c00000|  0%| F|  |TAMS 0x0000000711a00000| PB 0x0000000711a00000| Untracked 
| 117|0x0000000711c00000, 0x0000000711c00000, 0x0000000711e00000|  0%| F|  |TAMS 0x0000000711c00000| PB 0x0000000711c00000| Untracked 
| 118|0x0000000711e00000, 0x0000000711e00000, 0x0000000712000000|  0%| F|  |TAMS 0x0000000711e00000| PB 0x0000000711e00000| Untracked 
| 119|0x0000000712000000, 0x0000000712000000, 0x0000000712200000|  0%| F|  |TAMS 0x0000000712000000| PB 0x0000000712000000| Untracked 
| 120|0x0000000712200000, 0x0000000712200000, 0x0000000712400000|  0%| F|  |TAMS 0x0000000712200000| PB 0x0000000712200000| Untracked 
| 121|0x0000000712400000, 0x0000000712400000, 0x0000000712600000|  0%| F|  |TAMS 0x0000000712400000| PB 0x0000000712400000| Untracked 
| 122|0x0000000712600000, 0x0000000712600000, 0x0000000712800000|  0%| F|  |TAMS 0x0000000712600000| PB 0x0000000712600000| Untracked 
| 123|0x0000000712800000, 0x00000007128e5838, 0x0000000712a00000| 44%| E|  |TAMS 0x0000000712800000| PB 0x0000000712800000| Complete 
| 124|0x0000000712a00000, 0x0000000712c00000, 0x0000000712c00000|100%| E|CS|TAMS 0x0000000712a00000| PB 0x0000000712a00000| Complete 
| 125|0x0000000712c00000, 0x0000000712e00000, 0x0000000712e00000|100%| E|CS|TAMS 0x0000000712c00000| PB 0x0000000712c00000| Complete 
| 126|0x0000000712e00000, 0x0000000713000000, 0x0000000713000000|100%| E|CS|TAMS 0x0000000712e00000| PB 0x0000000712e00000| Complete 

Card table byte_map: [0x0000017af74b0000,0x0000017af7ca0000] _byte_map_base: 0x0000017af3c97000

Marking Bits: (CMBitMap*) 0x0000017adf70e5b0
 Bits: [0x0000017af8490000, 0x0000017afc3c8000)

Polling page: 0x0000017add400000

Metaspace:

Usage:
  Non-class:      2.30 MB used.
      Class:    201.12 KB used.
       Both:      2.50 MB used.

Virtual space:
  Non-class space:       64.00 MB reserved,       2.38 MB (  4%) committed,  1 nodes.
      Class space:        1.00 GB reserved,     256.00 KB ( <1%) committed,  1 nodes.
             Both:        1.06 GB reserved,       2.62 MB ( <1%) committed. 

Chunk freelists:
   Non-Class:  3.08 MB
       Class:  3.64 MB
        Both:  6.72 MB

MaxMetaspaceSize: unlimited
CompressedClassSpaceSize: 1.00 GB
Initial GC threshold: 21.00 MB
Current GC threshold: 21.00 MB
CDS: on
MetaspaceReclaimPolicy: balanced
 - commit_granule_bytes: 65536.
 - commit_granule_words: 8192.
 - virtual_space_node_default_size: 8388608.
 - enlarge_chunks_in_place: 1.
 - new_chunks_are_fully_committed: 0.
 - uncommit_free_chunks: 1.
 - use_allocation_guard: 0.


Internal statistics:

num_allocs_failed_limit: 0.
num_arena_births: 108.
num_arena_deaths: 0.
num_vsnodes_births: 2.
num_vsnodes_deaths: 0.
num_space_committed: 42.
num_space_uncommitted: 0.
num_chunks_returned_to_freelist: 0.
num_chunks_taken_from_freelist: 162.
num_chunk_merges: 0.
num_chunk_splits: 107.
num_chunks_enlarged: 67.
num_inconsistent_stats: 0.

CodeHeap 'non-profiled nmethods': size=120000Kb used=181Kb max_used=181Kb free=119818Kb
 bounds [0x0000017aef230000, 0x0000017aef4a0000, 0x0000017af6760000]
CodeHeap 'profiled nmethods': size=120000Kb used=750Kb max_used=750Kb free=119249Kb
 bounds [0x0000017ae7760000, 0x0000017ae79d0000, 0x0000017aeec90000]
CodeHeap 'non-nmethods': size=5760Kb used=1441Kb max_used=1456Kb free=4318Kb
 bounds [0x0000017aeec90000, 0x0000017aeef00000, 0x0000017aef230000]
 total_blobs=1047 nmethods=566 adapters=392
 compilation: enabled
              stopped_count=0, restarted_count=0
 full_count=0

Compilation events (20 events):
Event: 0.186 Thread 0x0000017aff045e90  551       3       sun.invoke.util.Wrapper::forPrimitiveType (122 bytes)
Event: 0.186 Thread 0x0000017aff045e90 nmethod 551 0x0000017ae7819490 code [0x0000017ae7819740, 0x0000017ae781a260]
Event: 0.186 Thread 0x0000017aff045e90  548       3       java.util.WeakHashMap::getTable (9 bytes)
Event: 0.186 Thread 0x0000017aff045e90 nmethod 548 0x0000017ae781a590 code [0x0000017ae781a720, 0x0000017ae781a868]
Event: 0.187 Thread 0x0000017aff045e90  557       1       java.security.CodeSource::getLocation (5 bytes)
Event: 0.187 Thread 0x0000017aff045e90 nmethod 557 0x0000017aef25bf90 code [0x0000017aef25c100, 0x0000017aef25c1d0]
Event: 0.187 Thread 0x0000017aff50ae00  558       4       java.lang.StringLatin1::lastIndexOf (40 bytes)
Event: 0.188 Thread 0x0000017aff045e90  559   !   3       java.io.RandomAccessFile::seek (42 bytes)
Event: 0.188 Thread 0x0000017aff045e90 nmethod 559 0x0000017ae781a910 code [0x0000017ae781aae0, 0x0000017ae781adf8]
Event: 0.188 Thread 0x0000017aff045e90  561       3       java.lang.Integer::toUnsignedLong (7 bytes)
Event: 0.188 Thread 0x0000017aff045e90 nmethod 561 0x0000017ae781af90 code [0x0000017ae781b120, 0x0000017ae781b220]
Event: 0.188 Thread 0x0000017aff045e90  563       3       sun.misc.Unsafe::putLong (11 bytes)
Event: 0.188 Thread 0x0000017aff045e90 nmethod 563 0x0000017ae781b290 code [0x0000017ae781b420, 0x0000017ae781b530]
Event: 0.188 Thread 0x0000017aff045e90  564       3       org.lwjgl.system.MemoryUtil::memPutAddress (29 bytes)
Event: 0.188 Thread 0x0000017aff03b4f0  565       4       java.lang.Integer::toUnsignedLong (7 bytes)
Event: 0.188 Thread 0x0000017aff045e90 nmethod 564 0x0000017ae781b610 code [0x0000017ae781b7a0, 0x0000017ae781b998]
Event: 0.189 Thread 0x0000017aff03b4f0 nmethod 565 0x0000017aef25ca90 code [0x0000017aef25cc00, 0x0000017aef25cc68]
Event: 0.189 Thread 0x0000017aff03b4f0  566       4       sun.misc.Unsafe::putLong (11 bytes)
Event: 0.189 Thread 0x0000017aff03b4f0 nmethod 566 0x0000017aef25cd90 code [0x0000017aef25cf00, 0x0000017aef25cfb0]
Event: 0.190 Thread 0x0000017aff50ae00 nmethod 558 0x0000017aef25d090 code [0x0000017aef25d200, 0x0000017aef25d3b0]

GC Heap History (0 events):
No events

Dll operation events (12 events):
Event: 0.005 Loaded shared library C:\Users\\.jdks\openjdk-20.0.1\bin\java.dll
Event: 0.013 Loaded shared library C:\Users\\.jdks\openjdk-20.0.1\bin\jsvml.dll
Event: 0.061 Loaded shared library C:\Users\\.jdks\openjdk-20.0.1\bin\zip.dll
Event: 0.064 Loaded shared library C:\Users\\.jdks\openjdk-20.0.1\bin\instrument.dll
Event: 0.068 Loaded shared library C:\Users\\.jdks\openjdk-20.0.1\bin\net.dll
Event: 0.069 Loaded shared library C:\Users\\.jdks\openjdk-20.0.1\bin\nio.dll
Event: 0.072 Loaded shared library C:\Users\\.jdks\openjdk-20.0.1\bin\zip.dll
Event: 0.084 Loaded shared library C:\Program Files\JetBrains\IntelliJ IDEA 2023.1.3\bin\breakgen64.dll
Event: 0.090 Loaded shared library C:\Users\\.jdks\openjdk-20.0.1\bin\jimage.dll
Event: 0.090 Loaded shared library C:\Users\\.jdks\openjdk-20.0.1\bin\extnet.dll
Event: 0.151 Loaded shared library C:\Users\\AppData\Local\Temp\lwjgl_\3.3.2+13\x64\lwjgl.dll
Event: 0.167 Loaded shared library C:\Users\\AppData\Local\Temp\lwjgl_\3.3.2+13\x64\lwjgl_opengl.dll

Deoptimization events (20 events):
Event: 0.064 Thread 0x0000017adf69e090 DEOPT PACKING pc=0x0000017aef2387a4 sp=0x00000055604fe760
Event: 0.064 Thread 0x0000017adf69e090 DEOPT UNPACKING pc=0x0000017aeecf9d22 sp=0x00000055604fe698 mode 2
Event: 0.072 Thread 0x0000017adf69e090 Uncommon trap: trap_request=0xffffffde fr.pc=0x0000017aef23d93c relative=0x00000000000009bc
Event: 0.072 Thread 0x0000017adf69e090 Uncommon trap: reason=class_check action=maybe_recompile pc=0x0000017aef23d93c method=java.util.HashMap.putVal(ILjava/lang/Object;Ljava/lang/Object;ZZ)Ljava/lang/Object; @ 152 c2
Event: 0.072 Thread 0x0000017adf69e090 DEOPT PACKING pc=0x0000017aef23d93c sp=0x00000055604fe470
Event: 0.072 Thread 0x0000017adf69e090 DEOPT UNPACKING pc=0x0000017aeecf9d22 sp=0x00000055604fe400 mode 2
Event: 0.072 Thread 0x0000017adf69e090 Uncommon trap: trap_request=0xffffffde fr.pc=0x0000017aef23d93c relative=0x00000000000009bc
Event: 0.072 Thread 0x0000017adf69e090 Uncommon trap: reason=class_check action=maybe_recompile pc=0x0000017aef23d93c method=java.util.HashMap.putVal(ILjava/lang/Object;Ljava/lang/Object;ZZ)Ljava/lang/Object; @ 152 c2
Event: 0.072 Thread 0x0000017adf69e090 DEOPT PACKING pc=0x0000017aef23d93c sp=0x00000055604fe470
Event: 0.072 Thread 0x0000017adf69e090 DEOPT UNPACKING pc=0x0000017aeecf9d22 sp=0x00000055604fe400 mode 2
Event: 0.073 Thread 0x0000017adf69e090 Uncommon trap: trap_request=0xffffffde fr.pc=0x0000017aef23d93c relative=0x00000000000009bc
Event: 0.073 Thread 0x0000017adf69e090 Uncommon trap: reason=class_check action=maybe_recompile pc=0x0000017aef23d93c method=java.util.HashMap.putVal(ILjava/lang/Object;Ljava/lang/Object;ZZ)Ljava/lang/Object; @ 152 c2
Event: 0.073 Thread 0x0000017adf69e090 DEOPT PACKING pc=0x0000017aef23d93c sp=0x00000055604fe470
Event: 0.073 Thread 0x0000017adf69e090 DEOPT UNPACKING pc=0x0000017aeecf9d22 sp=0x00000055604fe400 mode 2
Event: 0.073 Thread 0x0000017adf69e090 Uncommon trap: trap_request=0xffffffde fr.pc=0x0000017aef23d93c relative=0x00000000000009bc
Event: 0.073 Thread 0x0000017adf69e090 Uncommon trap: reason=class_check action=maybe_recompile pc=0x0000017aef23d93c method=java.util.HashMap.putVal(ILjava/lang/Object;Ljava/lang/Object;ZZ)Ljava/lang/Object; @ 152 c2
Event: 0.073 Thread 0x0000017adf69e090 DEOPT PACKING pc=0x0000017aef23d93c sp=0x00000055604fe470
Event: 0.073 Thread 0x0000017adf69e090 DEOPT UNPACKING pc=0x0000017aeecf9d22 sp=0x00000055604fe400 mode 2
Event: 0.165 Thread 0x0000017adf69e090 DEOPT PACKING pc=0x0000017ae7789b57 sp=0x00000055604fd1e0
Event: 0.165 Thread 0x0000017adf69e090 DEOPT UNPACKING pc=0x0000017aeecfa4c2 sp=0x00000055604fc600 mode 0

Classes loaded (20 events):
Event: 0.173 Loading class java/nio/DirectCharBufferU
Event: 0.173 Loading class java/nio/DirectCharBufferU done
Event: 0.174 Loading class java/nio/DirectFloatBufferU
Event: 0.174 Loading class java/nio/DirectFloatBufferU done
Event: 0.174 Loading class java/nio/DirectDoubleBufferU
Event: 0.174 Loading class java/nio/DirectDoubleBufferU done
Event: 0.174 Loading class sun/misc/Unsafe
Event: 0.174 Loading class sun/misc/Unsafe done
Event: 0.174 Loading class java/lang/invoke/DirectMethodHandle$StaticAccessor
Event: 0.174 Loading class java/lang/invoke/DirectMethodHandle$StaticAccessor done
Event: 0.176 Loading class java/util/function/LongPredicate
Event: 0.176 Loading class java/util/function/LongPredicate done
Event: 0.180 Loading class java/nio/InvalidMarkException
Event: 0.180 Loading class java/nio/InvalidMarkException done
Event: 0.180 Loading class java/nio/BufferUnderflowException
Event: 0.180 Loading class java/nio/BufferUnderflowException done
Event: 0.182 Loading class java/lang/IndexOutOfBoundsException
Event: 0.182 Loading class java/lang/IndexOutOfBoundsException done
Event: 0.186 Loading class java/util/Formatter$FixedString
Event: 0.186 Loading class java/util/Formatter$FixedString done

Classes unloaded (0 events):
No events

Classes redefined (0 events):
No events

Internal exceptions (20 events):
Event: 0.100 Thread 0x0000017adf69e090 Exception <a 'java/lang/NoSuchMethodError'{0x0000000712df19b0}: 'java.lang.Object java.lang.invoke.DelegatingMethodHandle$Holder.reinvoke_L(java.lang.Object, int, long, java.lang.Object, java.lang.Object, int, java.lang.Object)'> (0x0000000712df19b0) 
thrown [s\open\src\hotspot\share\interpreter\linkResolver.cpp, line 773]
Event: 0.102 Thread 0x0000017adf69e090 Exception <a 'java/lang/NoSuchMethodError'{0x0000000712a098f8}: 'int java.lang.invoke.DirectMethodHandle$Holder.invokeSpecial(java.lang.Object, java.lang.Object, java.lang.Object)'> (0x0000000712a098f8) 
thrown [s\open\src\hotspot\share\interpreter\linkResolver.cpp, line 773]
Event: 0.104 Thread 0x0000017adf69e090 Exception <a 'java/lang/NoSuchMethodError'{0x0000000712a1cb80}: 'java.lang.Object java.lang.invoke.DirectMethodHandle$Holder.invokeStatic(java.lang.Object, java.lang.Object, int)'> (0x0000000712a1cb80) 
thrown [s\open\src\hotspot\share\interpreter\linkResolver.cpp, line 773]
Event: 0.106 Thread 0x0000017adf69e090 Exception <a 'java/lang/NoSuchMethodError'{0x0000000712a28080}: 'void java.lang.invoke.DelegatingMethodHandle$Holder.delegate(java.lang.Object, java.lang.Object, int, java.lang.Object)'> (0x0000000712a28080) 
thrown [s\open\src\hotspot\share\interpreter\linkResolver.cpp, line 773]
Event: 0.125 Thread 0x0000017adf69e090 Exception <a 'java/lang/NoSuchMethodError'{0x0000000712ad9728}: 'void java.lang.System.load(java.lang.String, java.lang.Class)'> (0x0000000712ad9728) 
thrown [s\open\src\hotspot\share\interpreter\linkResolver.cpp, line 773]
Event: 0.127 Thread 0x0000017adf69e090 Exception <a 'java/lang/NoSuchMethodError'{0x0000000712af0300}: 'void java.lang.System.loadLibrary(java.lang.String, java.lang.Class)'> (0x0000000712af0300) 
thrown [s\open\src\hotspot\share\interpreter\linkResolver.cpp, line 773]
Event: 0.136 Thread 0x0000017adf69e090 Exception <a 'java/lang/NoSuchMethodError'{0x0000000712b45d80}: 'void java.lang.System.load(java.lang.String, java.lang.Class)'> (0x0000000712b45d80) 
thrown [s\open\src\hotspot\share\interpreter\linkResolver.cpp, line 773]
Event: 0.137 Thread 0x0000017adf69e090 Exception <a 'java/lang/NoSuchMethodError'{0x0000000712b48c60}: 'void java.lang.System.loadLibrary(java.lang.String, java.lang.Class)'> (0x0000000712b48c60) 
thrown [s\open\src\hotspot\share\interpreter\linkResolver.cpp, line 773]
Event: 0.156 Thread 0x0000017adf69e090 Exception <a 'sun/nio/fs/WindowsException'{0x0000000712b79d68}> (0x0000000712b79d68) 
thrown [s\open\src\hotspot\share\prims\jni.cpp, line 519]
Event: 0.156 Thread 0x0000017adf69e090 Exception <a 'sun/nio/fs/WindowsException'{0x0000000712b7a480}> (0x0000000712b7a480) 
thrown [s\open\src\hotspot\share\prims\jni.cpp, line 519]
Event: 0.165 Thread 0x0000017adf69e090 Exception <a 'sun/nio/fs/WindowsException'{0x0000000712baacd0}> (0x0000000712baacd0) 
thrown [s\open\src\hotspot\share\prims\jni.cpp, line 519]
Event: 0.165 Thread 0x0000017adf69e090 Exception <a 'sun/nio/fs/WindowsException'{0x0000000712bab2a0}> (0x0000000712bab2a0) 
thrown [s\open\src\hotspot\share\prims\jni.cpp, line 519]
Event: 0.169 Thread 0x0000017adf69e090 Exception <a 'sun/nio/fs/WindowsException'{0x0000000712bb57c0}> (0x0000000712bb57c0) 
thrown [s\open\src\hotspot\share\prims\jni.cpp, line 519]
Event: 0.169 Thread 0x0000017adf69e090 Exception <a 'sun/nio/fs/WindowsException'{0x0000000712bb5c20}> (0x0000000712bb5c20) 
thrown [s\open\src\hotspot\share\prims\jni.cpp, line 519]
Event: 0.176 Thread 0x0000017adf69e090 Exception <a 'java/lang/NoSuchMethodError'{0x00000007128055e0}: 'int java.lang.invoke.DirectMethodHandle$Holder.invokeStaticInit(java.lang.Object, java.lang.Object, int, long)'> (0x00000007128055e0) 
thrown [s\open\src\hotspot\share\interpreter\linkResolver.cpp, line 773]
Event: 0.177 Thread 0x0000017adf69e090 Exception <a 'java/lang/NoSuchMethodError'{0x000000071280afe8}: 'java.lang.Object java.lang.invoke.DirectMethodHandle$Holder.newInvokeSpecial(java.lang.Object, java.lang.Object, int)'> (0x000000071280afe8) 
thrown [s\open\src\hotspot\share\interpreter\linkResolver.cpp, line 773]
Event: 0.178 Thread 0x0000017adf69e090 Exception <a 'java/lang/NoSuchMethodError'{0x0000000712819740}: 'int java.lang.invoke.DirectMethodHandle$Holder.invokeStaticInit(java.lang.Object, java.lang.Object, long, long)'> (0x0000000712819740) 
thrown [s\open\src\hotspot\share\interpreter\linkResolver.cpp, line 773]
Event: 0.178 Thread 0x0000017adf69e090 Exception <a 'java/lang/NoSuchMethodError'{0x000000071281f838}: 'java.lang.Object java.lang.invoke.DirectMethodHandle$Holder.newInvokeSpecial(java.lang.Object, java.lang.Object, long)'> (0x000000071281f838) 
thrown [s\open\src\hotspot\share\interpreter\linkResolver.cpp, line 773]
Event: 0.179 Thread 0x0000017adf69e090 Exception <a 'java/lang/NoSuchMethodError'{0x00000007128238a0}: 'java.lang.Object java.lang.invoke.Invokers$Holder.linkToTargetMethod(java.lang.Object, long, java.lang.Object)'> (0x00000007128238a0) 
thrown [s\open\src\hotspot\share\interpreter\linkResolver.cpp, line 773]
Event: 0.179 Thread 0x0000017adf69e090 Exception <a 'java/lang/NoSuchMethodError'{0x000000071282a7e0}: 'int java.lang.invoke.DirectMethodHandle$Holder.invokeStaticInit(java.lang.Object, java.lang.Object, java.lang.Object, long)'> (0x000000071282a7e0) 
thrown [s\open\src\hotspot\share\interpreter\linkResolver.cpp, line 773]

VM Operations (6 events):
Event: 0.050 Executing VM operation: HandshakeAllThreads
Event: 0.050 Executing VM operation: HandshakeAllThreads done
Event: 0.086 Executing VM operation: HandshakeAllThreads
Event: 0.086 Executing VM operation: HandshakeAllThreads done
Event: 0.146 Executing VM operation: HandshakeAllThreads
Event: 0.146 Executing VM operation: HandshakeAllThreads done

Events (13 events):
Event: 0.013 Thread 0x0000017adf69e090 Thread added: 0x0000017adf69e090
Event: 0.026 Thread 0x0000017aff02f200 Thread added: 0x0000017aff02f200
Event: 0.026 Thread 0x0000017aff030000 Thread added: 0x0000017aff030000
Event: 0.027 Thread 0x0000017aff033d20 Thread added: 0x0000017aff033d20
Event: 0.027 Thread 0x0000017aff036100 Thread added: 0x0000017aff036100
Event: 0.027 Thread 0x0000017aff036a40 Thread added: 0x0000017aff036a40
Event: 0.027 Thread 0x0000017aff037380 Thread added: 0x0000017aff037380
Event: 0.027 Thread 0x0000017aff03b4f0 Thread added: 0x0000017aff03b4f0
Event: 0.027 Thread 0x0000017aff045e90 Thread added: 0x0000017aff045e90
Event: 0.045 Thread 0x0000017afeffc760 Thread added: 0x0000017afeffc760
Event: 0.085 Thread 0x0000017aff3a4820 Thread added: 0x0000017aff3a4820
Event: 0.085 Thread 0x0000017aff3a4d70 Thread added: 0x0000017aff3a4d70
Event: 0.109 Thread 0x0000017aff50ae00 Thread added: 0x0000017aff50ae00


Dynamic libraries:
0x00007ff697b00000 - 0x00007ff697b0e000 	C:\Users\\.jdks\openjdk-20.0.1\bin\java.exe
0x00007ff849150000 - 0x00007ff849348000 	C:\Windows\SYSTEM32\ntdll.dll
0x00007ff849020000 - 0x00007ff8490df000 	C:\Windows\System32\KERNEL32.DLL
0x00007ff8468a0000 - 0x00007ff846b72000 	C:\Windows\System32\KERNELBASE.dll
0x00007ff8470a0000 - 0x00007ff8471a0000 	C:\Windows\System32\ucrtbase.dll
0x00007ff83ada0000 - 0x00007ff83adb7000 	C:\Users\\.jdks\openjdk-20.0.1\bin\jli.dll
0x00007ff83adc0000 - 0x00007ff83addb000 	C:\Users\\.jdks\openjdk-20.0.1\bin\VCRUNTIME140.dll
0x00007ff8482a0000 - 0x00007ff848441000 	C:\Windows\System32\USER32.dll
0x00007ff829220000 - 0x00007ff8294ba000 	C:\Windows\WinSxS\amd64_microsoft.windows.common-controls_6595b64144ccf1df_6.0.19041.1110_none_60b5254171f9507e\COMCTL32.dll
0x00007ff846b80000 - 0x00007ff846ba2000 	C:\Windows\System32\win32u.dll
0x00007ff8490e0000 - 0x00007ff84910b000 	C:\Windows\System32\GDI32.dll
0x00007ff847430000 - 0x00007ff8474ce000 	C:\Windows\System32\msvcrt.dll
0x00007ff846f90000 - 0x00007ff84709f000 	C:\Windows\System32\gdi32full.dll
0x00007ff846bb0000 - 0x00007ff846c4d000 	C:\Windows\System32\msvcp_win.dll
0x00007ff848be0000 - 0x00007ff848c10000 	C:\Windows\System32\IMM32.DLL
0x00007ff83d470000 - 0x00007ff83d47c000 	C:\Users\\.jdks\openjdk-20.0.1\bin\vcruntime140_1.dll
0x00007ff83ad10000 - 0x00007ff83ad9e000 	C:\Users\\.jdks\openjdk-20.0.1\bin\msvcp140.dll
0x00007fffe2210000 - 0x00007fffe2ea7000 	C:\Users\\.jdks\openjdk-20.0.1\bin\server\jvm.dll
0x00007ff847910000 - 0x00007ff8479be000 	C:\Windows\System32\ADVAPI32.dll
0x00007ff8471d0000 - 0x00007ff84726c000 	C:\Windows\System32\sechost.dll
0x00007ff848ab0000 - 0x00007ff848bd4000 	C:\Windows\System32\RPCRT4.dll
0x00007ff83ca10000 - 0x00007ff83ca19000 	C:\Windows\SYSTEM32\WSOCK32.dll
0x00007ff848fb0000 - 0x00007ff84901b000 	C:\Windows\System32\WS2_32.dll
0x00007ff82a050000 - 0x00007ff82a077000 	C:\Windows\SYSTEM32\WINMM.dll
0x00007ff83a630000 - 0x00007ff83a63a000 	C:\Windows\SYSTEM32\VERSION.dll
0x00007ff845060000 - 0x00007ff845072000 	C:\Windows\SYSTEM32\kernel.appcore.dll
0x00007ff83ad00000 - 0x00007ff83ad0a000 	C:\Users\\.jdks\openjdk-20.0.1\bin\jimage.dll
0x00007ff844d80000 - 0x00007ff844f64000 	C:\Windows\SYSTEM32\DBGHELP.DLL
0x00007ff82cc50000 - 0x00007ff82cc85000 	C:\Windows\SYSTEM32\dbgcore.DLL
0x00007ff846cc0000 - 0x00007ff846d42000 	C:\Windows\System32\bcryptPrimitives.dll
0x00007ff83acc0000 - 0x00007ff83acce000 	C:\Users\\.jdks\openjdk-20.0.1\bin\instrument.dll
0x00007ff83acd0000 - 0x00007ff83acf6000 	C:\Users\\.jdks\openjdk-20.0.1\bin\java.dll
0x00007fffed2c0000 - 0x00007fffed397000 	C:\Users\\.jdks\openjdk-20.0.1\bin\jsvml.dll
0x00007ff8479c0000 - 0x00007ff848105000 	C:\Windows\System32\SHELL32.dll
0x00007ff844520000 - 0x00007ff844cb2000 	C:\Windows\SYSTEM32\windows.storage.dll
0x00007ff8474d0000 - 0x00007ff847825000 	C:\Windows\System32\combase.dll
0x00007ff8461d0000 - 0x00007ff846200000 	C:\Windows\SYSTEM32\Wldp.dll
0x00007ff848450000 - 0x00007ff8484fd000 	C:\Windows\System32\SHCORE.dll
0x00007ff848110000 - 0x00007ff848165000 	C:\Windows\System32\shlwapi.dll
0x00007ff846790000 - 0x00007ff8467af000 	C:\Windows\SYSTEM32\profapi.dll
0x00007ff82dd70000 - 0x00007ff82dd88000 	C:\Users\\.jdks\openjdk-20.0.1\bin\zip.dll
0x00007ff83aca0000 - 0x00007ff83acb3000 	C:\Users\\.jdks\openjdk-20.0.1\bin\net.dll
0x00007ff83d6d0000 - 0x00007ff83d7da000 	C:\Windows\SYSTEM32\WINHTTP.dll
0x00007ff845fb0000 - 0x00007ff84601a000 	C:\Windows\system32\mswsock.dll
0x00007ff8320c0000 - 0x00007ff8320d6000 	C:\Users\\.jdks\openjdk-20.0.1\bin\nio.dll
0x00007ff81bba0000 - 0x00007ff81bbba000 	C:\Program Files\JetBrains\IntelliJ IDEA 2023.1.3\bin\breakgen64.dll
0x00007ff83ac90000 - 0x00007ff83ac97000 	C:\Users\\.jdks\openjdk-20.0.1\bin\extnet.dll
0x00007ff80aba0000 - 0x00007ff80ac1a000 	C:\Users\\AppData\Local\Temp\lwjgl_\3.3.2+13\x64\lwjgl.dll
0x00007fffed820000 - 0x00007fffed87e000 	C:\Users\\AppData\Local\Temp\lwjgl_\3.3.2+13\x64\lwjgl_opengl.dll
0x00007ff8243b0000 - 0x00007ff8244d5000 	C:\Windows\SYSTEM32\opengl32.dll
0x00007ff83a900000 - 0x00007ff83a92c000 	C:\Windows\SYSTEM32\GLU32.dll

dbghelp: loaded successfully - version: 4.0.5 - missing functions: none
symbol engine: initialized successfully - sym options: 0x614 - pdb path: .;C:\Users\\.jdks\openjdk-20.0.1\bin;C:\Windows\SYSTEM32;C:\Windows\WinSxS\amd64_microsoft.windows.common-controls_6595b64144ccf1df_6.0.19041.1110_none_60b5254171f9507e;C:\Users\\.jdks\openjdk-20.0.1\bin\server;C:\Program Files\JetBrains\IntelliJ IDEA 2023.1.3\bin;C:\Users\\AppData\Local\Temp\lwjgl_\3.3.2+13\x64

VM Arguments:
jvm_args: -javaagent:C:\Program Files\JetBrains\IntelliJ IDEA 2023.1.3\lib\idea_rt.jar=52602:C:\Program Files\JetBrains\IntelliJ IDEA 2023.1.3\bin -Dfile.encoding=UTF-8 -Dsun.stdout.encoding=UTF-8 -Dsun.stderr.encoding=UTF-8 
java_command: Main.Main
java_class_path (initial): D:\Java\Projects\Model_viewer\Model_viewer\out\production\Model_viewer;D:\Java\External_libs\LWJGL\lwjgl-release-3.3.2-custom\lwjgl-glfw-natives-windows.jar;D:\Java\External_libs\LWJGL\lwjgl-release-3.3.2-custom\lwjgl-glfw.jar;D:\Java\External_libs\LWJGL\lwjgl-release-3.3.2-custom\lwjgl-natives-windows.jar;D:\Java\External_libs\LWJGL\lwjgl-release-3.3.2-custom\lwjgl-opengl-natives-windows.jar;D:\Java\External_libs\LWJGL\lwjgl-release-3.3.2-custom\lwjgl-opengl.jar;D:\Java\External_libs\LWJGL\lwjgl-release-3.3.2-custom\lwjgl.jar;D:\Java\External_libs\TextureLoader\slick-util3.jar
Launcher Type: SUN_STANDARD

[Global flags]
     intx CICompilerCount                          = 4                                         {product} {ergonomic}
     uint ConcGCThreads                            = 3                                         {product} {ergonomic}
     uint G1ConcRefinementThreads                  = 10                                        {product} {ergonomic}
   size_t G1HeapRegionSize                         = 2097152                                   {product} {ergonomic}
    uintx GCDrainStackTargetSize                   = 64                                        {product} {ergonomic}
   size_t InitialHeapSize                          = 266338304                                 {product} {ergonomic}
   size_t MarkStackSize                            = 4194304                                   {product} {ergonomic}
   size_t MaxHeapSize                              = 4242538496                                {product} {ergonomic}
   size_t MaxNewSize                               = 2543845376                                {product} {ergonomic}
   size_t MinHeapDeltaBytes                        = 2097152                                   {product} {ergonomic}
   size_t MinHeapSize                              = 8388608                                   {product} {ergonomic}
    uintx NonNMethodCodeHeapSize                   = 5839372                                {pd product} {ergonomic}
    uintx NonProfiledCodeHeapSize                  = 122909434                              {pd product} {ergonomic}
    uintx ProfiledCodeHeapSize                     = 122909434                              {pd product} {ergonomic}
    uintx ReservedCodeCacheSize                    = 251658240                              {pd product} {ergonomic}
     bool SegmentedCodeCache                       = true                                      {product} {ergonomic}
   size_t SoftMaxHeapSize                          = 4242538496                             {manageable} {ergonomic}
     bool UseCompressedClassPointers               = true                           {product lp64_product} {ergonomic}
     bool UseCompressedOops                        = true                           {product lp64_product} {ergonomic}
     bool UseG1GC                                  = true                                      {product} {ergonomic}
     bool UseLargePagesIndividualAllocation        = false                                  {pd product} {ergonomic}

Logging:
Log output configuration:
 #0: stdout all=warning uptime,level,tags foldmultilines=false
 #1: stderr all=off uptime,level,tags foldmultilines=false

Environment Variables:
PATH=C:\Program Files\Microsoft MPI\Bin\;C:\Python310\Scripts\;C:\Python310\;C:\Program Files (x86)\Common Files\Oracle\Java\javapath;C:\ProgramData\Oracle\Java\javapath;C:\Windows\system32;C:\Windows;C:\Windows\System32\Wbem;C:\Windows\System32\WindowsPowerShell\v1.0\;C:\Windows\System32\OpenSSH\;C:\Program Files (x86)\NVIDIA Corporation\PhysX\Common;C:\Program Files\NVIDIA Corporation\NVIDIA NvDLISR;C:\Program Files\nodejs\;C:\ProgramData\chocolatey\bin;C:\Program Files\Git\cmd;C:\Program Files\Perforce\;C:\Program Files\Microsoft SQL Server\130\Tools\Binn\;C:\Program Files\Microsoft SQL Server\Client SDK\ODBC\170\Tools\Binn\;C:\Program Files\Microsoft SQL Server\150\Tools\Binn\;C:\Program Files\Mullvad VPN\resources;C:\Program Files\dotnet\;C:\Program Files\Docker\Docker\resources\bin;C:\Users\\AppData\Local\Microsoft\WindowsApps;C:\Users\\AppData\Roaming\npm;C:\Users\\.dotnet\tools;D:\Programms\Microsoft VS Code\bin;C:\Program Files\JetBrains\IntelliJ IDEA 2023.1.3\bin;
USERNAME=
OS=Windows_NT
PROCESSOR_IDENTIFIER=Intel64 Family 6 Model 158 Stepping 10, GenuineIntel
TMP=C:\Users\12C2~1\AppData\Local\Temp
TEMP=C:\Users\12C2~1\AppData\Local\Temp




---------------  S Y S T E M  ---------------

OS:
 Windows 10 , 64 bit Build 19041 (10.0.19041.2546)
OS uptime: 2 days 23:42 hours
Hyper-V role detected

CPU: total 12 (initial active 12) (6 cores per cpu, 2 threads per core) family 6 model 158 stepping 10 microcode 0xd6, cx8, cmov, fxsr, ht, mmx, 3dnowpref, sse, sse2, sse3, ssse3, sse4.1, sse4.2, popcnt, lzcnt, tsc, tscinvbit, avx, avx2, aes, erms, clmul, bmi1, bmi2, adx, fma, vzeroupper, clflush, clflushopt, hv, rdtscp, f16c

Memory: 4k page, system-wide physical 16180M (8675M free)
TotalPageFile size 23860M (AvailPageFile size 13835M)
current process WorkingSet (physical memory assigned to process): 45M, peak: 45M
current process commit charge ("private bytes"): 347M, peak: 347M

vm_info: OpenJDK 64-Bit Server VM (20.0.1+9-29) for windows-amd64 JRE (20.0.1+9-29), built on 2023-03-07T13:56:11Z by "mach5one" with MS VC++ 17.1 (VS2022)

END.
